# JRE version: OpenJDK Runtime Environment (8.0_242-b01) (build 1.8.0_242-release-1644-b01)
# Java VM: OpenJDK 64-Bit Server VM (25.242-b01 mixed mode windows-amd64 compressed oops)
Heap:
 PSYoungGen      total 599552K, used 590408K [0x00000000d5580000, 0x0000000100000000, 0x0000000100000000)
  eden space 537600K, 98% used [0x00000000d5580000,0x00000000f59986b0,0x00000000f6280000)
  from space 61952K, 99% used [0x00000000f6280000,0x00000000f9ef9c68,0x00000000f9f00000)
  to   space 76288K, 0% used [0x00000000fb580000,0x00000000fb580000,0x0000000100000000)
 ParOldGen       total 306176K, used 99467K [0x0000000080000000, 0x0000000092b00000, 0x00000000d5580000)
  object space 306176K, 32% used [0x0000000080000000,0x0000000086122d60,0x0000000092b00000)
 Metaspace       used 151637K, capacity 160072K, committed 160088K, reserved 1187840K
  class space    used 19992K, capacity 21617K, committed 21632K, reserved 1048576K
GC Heap History (10 events):
Event: 5067.723 GC heap before
{Heap before GC invocations=13 (full 4):
 PSYoungGen      total 481792K, used 32246K [0x00000000d5580000, 0x00000000f6280000, 0x0000000100000000)
  eden space 449536K, 0% used [0x00000000d5580000,0x00000000d5580000,0x00000000f0c80000)
  from space 32256K, 99% used [0x00000000f3d00000,0x00000000f5c7d960,0x00000000f5c80000)
  to   space 6144K, 0% used [0x00000000f5c80000,0x00000000f5c80000,0x00000000f6280000)
 ParOldGen       total 217600K, used 48466K [0x0000000080000000, 0x000000008d480000, 0x00000000d5580000)
  object space 217600K, 22% used [0x0000000080000000,0x0000000082f54a00,0x000000008d480000)
 Metaspace       used 93381K, capacity 98238K, committed 98380K, reserved 1134592K
  class space    used 12304K, capacity 13244K, committed 13312K, reserved 1048576K
Event: 5067.945 GC heap after
Heap after GC invocations=13 (full 4):
 PSYoungGen      total 481792K, used 0K [0x00000000d5580000, 0x00000000f6280000, 0x0000000100000000)
  eden space 449536K, 0% used [0x00000000d5580000,0x00000000d5580000,0x00000000f0c80000)
  from space 32256K, 0% used [0x00000000f3d00000,0x00000000f3d00000,0x00000000f5c80000)
  to   space 6144K, 0% used [0x00000000f5c80000,0x00000000f5c80000,0x00000000f6280000)
 ParOldGen       total 306176K, used 49183K [0x0000000080000000, 0x0000000092b00000, 0x00000000d5580000)
  object space 306176K, 16% used [0x0000000080000000,0x0000000083007d20,0x0000000092b00000)
 Metaspace       used 91991K, capacity 95476K, committed 98380K, reserved 1134592K
  class space    used 12008K, capacity 12709K, committed 13312K, reserved 1048576K
}
Event: 5153.111 GC heap before
{Heap before GC invocations=14 (full 4):
 PSYoungGen      total 481792K, used 449536K [0x00000000d5580000, 0x00000000f6280000, 0x0000000100000000)
  eden space 449536K, 100% used [0x00000000d5580000,0x00000000f0c80000,0x00000000f0c80000)
  from space 32256K, 0% used [0x00000000f3d00000,0x00000000f3d00000,0x00000000f5c80000)
  to   space 6144K, 0% used [0x00000000f5c80000,0x00000000f5c80000,0x00000000f6280000)
 ParOldGen       total 306176K, used 49183K [0x0000000080000000, 0x0000000092b00000, 0x00000000d5580000)
  object space 306176K, 16% used [0x0000000080000000,0x0000000083007d20,0x0000000092b00000)
 Metaspace       used 114795K, capacity 119888K, committed 120280K, reserved 1153024K
  class space    used 15095K, capacity 16128K, committed 16128K, reserved 1048576K
Event: 5153.129 GC heap after
Heap after GC invocations=14 (full 4):
 PSYoungGen      total 488448K, used 6133K [0x00000000d5580000, 0x00000000fb900000, 0x0000000100000000)
  eden space 482304K, 0% used [0x00000000d5580000,0x00000000d5580000,0x00000000f2c80000)
  from space 6144K, 99% used [0x00000000f5c80000,0x00000000f627d4c0,0x00000000f6280000)
  to   space 49152K, 0% used [0x00000000f2c80000,0x00000000f2c80000,0x00000000f5c80000)
 ParOldGen       total 306176K, used 87239K [0x0000000080000000, 0x0000000092b00000, 0x00000000d5580000)
  object space 306176K, 28% used [0x0000000080000000,0x0000000085531e68,0x0000000092b00000)
 Metaspace       used 114795K, capacity 119888K, committed 120280K, reserved 1153024K
  class space    used 15095K, capacity 16128K, committed 16128K, reserved 1048576K
}
Event: 5196.181 GC heap before
{Heap before GC invocations=15 (full 4):
 PSYoungGen      total 488448K, used 488437K [0x00000000d5580000, 0x00000000fb900000, 0x0000000100000000)
  eden space 482304K, 100% used [0x00000000d5580000,0x00000000f2c80000,0x00000000f2c80000)
  from space 6144K, 99% used [0x00000000f5c80000,0x00000000f627d4c0,0x00000000f6280000)
  to   space 49152K, 0% used [0x00000000f2c80000,0x00000000f2c80000,0x00000000f5c80000)
 ParOldGen       total 306176K, used 87239K [0x0000000080000000, 0x0000000092b00000, 0x00000000d5580000)
  object space 306176K, 28% used [0x0000000080000000,0x0000000085531e68,0x0000000092b00000)
 Metaspace       used 133301K, capacity 139274K, committed 139480K, reserved 1169408K
  class space    used 17610K, capacity 18873K, committed 18944K, reserved 1048576K
Event: 5196.204 GC heap after
Heap after GC invocations=15 (full 4):
 PSYoungGen      total 531456K, used 42811K [0x00000000d5580000, 0x00000000fda80000, 0x0000000100000000)
  eden space 482304K, 0% used [0x00000000d5580000,0x00000000d5580000,0x00000000f2c80000)
  from space 49152K, 87% used [0x00000000f2c80000,0x00000000f564ed50,0x00000000f5c80000)
  to   space 54272K, 0% used [0x00000000fa580000,0x00000000fa580000,0x00000000fda80000)
 ParOldGen       total 306176K, used 87247K [0x0000000080000000, 0x0000000092b00000, 0x00000000d5580000)
  object space 306176K, 28% used [0x0000000080000000,0x0000000085533e68,0x0000000092b00000)
 Metaspace       used 133301K, capacity 139274K, committed 139480K, reserved 1169408K
  class space    used 17610K, capacity 18873K, committed 18944K, reserved 1048576K
}
Event: 7127.598 GC heap before
{Heap before GC invocations=16 (full 4):
 PSYoungGen      total 531456K, used 524858K [0x00000000d5580000, 0x00000000fda80000, 0x0000000100000000)
  eden space 482304K, 99% used [0x00000000d5580000,0x00000000f2c3fe00,0x00000000f2c80000)
  from space 49152K, 87% used [0x00000000f2c80000,0x00000000f564ed50,0x00000000f5c80000)
  to   space 54272K, 0% used [0x00000000fa580000,0x00000000fa580000,0x00000000fda80000)
 ParOldGen       total 306176K, used 87247K [0x0000000080000000, 0x0000000092b00000, 0x00000000d5580000)
  object space 306176K, 28% used [0x0000000080000000,0x0000000085533e68,0x0000000092b00000)
 Metaspace       used 137613K, capacity 144820K, committed 145112K, reserved 1175552K
  class space    used 18167K, capacity 19649K, committed 19712K, reserved 1048576K
Event: 7127.632 GC heap after
Heap after GC invocations=16 (full 4):
 PSYoungGen      total 591872K, used 52323K [0x00000000d5580000, 0x00000000fdb80000, 0x0000000100000000)
  eden space 537600K, 0% used [0x00000000d5580000,0x00000000d5580000,0x00000000f6280000)
  from space 54272K, 96% used [0x00000000fa580000,0x00000000fd898ee8,0x00000000fda80000)
  to   space 61952K, 0% used [0x00000000f6280000,0x00000000f6280000,0x00000000f9f00000)
 ParOldGen       total 306176K, used 87255K [0x0000000080000000, 0x0000000092b00000, 0x00000000d5580000)
  object space 306176K, 28% used [0x0000000080000000,0x0000000085535e68,0x0000000092b00000)
 Metaspace       used 137613K, capacity 144820K, committed 145112K, reserved 1175552K
  class space    used 18167K, capacity 19649K, committed 19712K, reserved 1048576K
}
Event: 7134.075 GC heap before
{Heap before GC invocations=17 (full 4):
 PSYoungGen      total 591872K, used 589923K [0x00000000d5580000, 0x00000000fdb80000, 0x0000000100000000)
  eden space 537600K, 100% used [0x00000000d5580000,0x00000000f6280000,0x00000000f6280000)
  from space 54272K, 96% used [0x00000000fa580000,0x00000000fd898ee8,0x00000000fda80000)
  to   space 61952K, 0% used [0x00000000f6280000,0x00000000f6280000,0x00000000f9f00000)
 ParOldGen       total 306176K, used 87255K [0x0000000080000000, 0x0000000092b00000, 0x00000000d5580000)
  object space 306176K, 28% used [0x0000000080000000,0x0000000085535e68,0x0000000092b00000)
 Metaspace       used 151044K, capacity 159424K, committed 159576K, reserved 1187840K
  class space    used 19921K, capacity 21533K, committed 21632K, reserved 1048576K
Event: 7134.117 GC heap after
Heap after GC invocations=17 (full 4):
 PSYoungGen      total 599552K, used 61927K [0x00000000d5580000, 0x0000000100000000, 0x0000000100000000)
  eden space 537600K, 0% used [0x00000000d5580000,0x00000000d5580000,0x00000000f6280000)
  from space 61952K, 99% used [0x00000000f6280000,0x00000000f9ef9c68,0x00000000f9f00000)
  to   space 76288K, 0% used [0x00000000fb580000,0x00000000fb580000,0x0000000100000000)
 ParOldGen       total 306176K, used 99467K [0x0000000080000000, 0x0000000092b00000, 0x00000000d5580000)
  object space 306176K, 32% used [0x0000000080000000,0x0000000086122d60,0x0000000092b00000)
 Metaspace       used 151044K, capacity 159424K, committed 159576K, reserved 1187840K
  class space    used 19921K, capacity 21533K, committed 21632K, reserved 1048576K
}

